[0.128s] Invoking command in '/home/doramy/ROS2_Humble_LS2K0300/Example/ROS2_Humble_ws/build/e07_nav2_bringup': CMAKE_PREFIX_PATH=/opt/ros/humble /usr/bin/cmake --build /home/doramy/ROS2_Humble_LS2K0300/Example/ROS2_Humble_ws/build/e07_nav2_bringup -- -j8 -l8
[0.207s] [35m[1mConsolidate compiler generated dependencies of target simple_planner[0m
[0.247s] [ 50%] [32mBuilding CXX object CMakeFiles/simple_planner.dir/src/simple_planner.cpp.o[0m
[3.585s] [01m[K/home/doramy/ROS2_Humble_LS2K0300/Example/ROS2_Humble_ws/src/e07_nav2_bringup/src/simple_planner.cpp:[m[K In member function â€˜[01m[Kvirtual void e07_nav2_bringup::SimplePlanner::configure(const WeakPtr&, std::string, std::shared_ptr<tf2_ros::Buffer>, std::shared_ptr<nav2_costmap_2d::Costmap2DROS>)[m[Kâ€™:
[3.585s] [01m[K/home/doramy/ROS2_Humble_LS2K0300/Example/ROS2_Humble_ws/src/e07_nav2_bringup/src/simple_planner.cpp:38:3:[m[K [01;31m[Kerror: [m[Kâ€˜[01m[Kparams_callback_handle_[m[Kâ€™ was not declared in this scope
[3.585s]    38 |   [01;31m[Kparams_callback_handle_[m[K = node->add_on_set_parameters_callback(
[3.585s]       |   [01;31m[K^~~~~~~~~~~~~~~~~~~~~~~[m[K
[3.593s] [01m[K/home/doramy/ROS2_Humble_LS2K0300/Example/ROS2_Humble_ws/src/e07_nav2_bringup/src/simple_planner.cpp:[m[K In lambda function:
[3.593s] [01m[K/home/doramy/ROS2_Humble_LS2K0300/Example/ROS2_Humble_ws/src/e07_nav2_bringup/src/simple_planner.cpp:46:40:[m[K [01;31m[Kerror: [m[Kâ€˜[01m[Kparams_mutex_[m[Kâ€™ was not declared in this scope
[3.593s]    46 |       std::lock_guard<std::mutex> lock([01;31m[Kparams_mutex_[m[K);
[3.593s]       |                                        [01;31m[K^~~~~~~~~~~~~[m[K
[3.600s] [01m[K/home/doramy/ROS2_Humble_LS2K0300/Example/ROS2_Humble_ws/src/e07_nav2_bringup/src/simple_planner.cpp:[m[K In member function â€˜[01m[Kvirtual geometry_msgs::msg::TwistStamped e07_nav2_bringup::SimplePlanner::computeVelocityCommands(const PoseStamped&, const Twist&, nav2_core::GoalChecker*)[m[Kâ€™:
[3.600s] [01m[K/home/doramy/ROS2_Humble_LS2K0300/Example/ROS2_Humble_ws/src/e07_nav2_bringup/src/simple_planner.cpp:107:46:[m[K [01;31m[Kerror: [m[Kcannot convert â€˜[01m[Kconst Twist[m[Kâ€™ {aka â€˜[01m[Kconst geometry_msgs::msg::Twist_<std::allocator<void> >[m[Kâ€™} to â€˜[01m[Kconst Pose&[m[Kâ€™ {aka â€˜[01m[Kconst geometry_msgs::msg::Pose_<std::allocator<void> >&[m[Kâ€™}
[3.600s]   107 |   if (goal_checker->isGoalReached(pose.pose, [01;31m[Kvelocity[m[K, global_path_.poses.back().pose)) {
[3.600s]       |                                              [01;31m[K^~~~~~~~[m[K
[3.600s]       |                                              [01;31m[K|[m[K
[3.600s]       |                                              [01;31m[Kconst Twist {aka const geometry_msgs::msg::Twist_<std::allocator<void> >}[m[K
[3.600s] In file included from [01m[K/opt/ros/humble/include/nav2_core/controller.hpp:50[m[K,
[3.600s]                  from [01m[K/home/doramy/ROS2_Humble_LS2K0300/Example/ROS2_Humble_ws/src/e07_nav2_bringup/include/e07_nav2_bringup/simple_planner.hpp:2[m[K,
[3.600s]                  from [01m[K/home/doramy/ROS2_Humble_LS2K0300/Example/ROS2_Humble_ws/src/e07_nav2_bringup/src/simple_planner.cpp:1[m[K:
[3.600s] [01m[K/opt/ros/humble/include/nav2_core/goal_checker.hpp:87:83:[m[K [01;36m[Knote: [m[K  initializing argument 2 of â€˜[01m[Kvirtual bool nav2_core::GoalChecker::isGoalReached(const Pose&, const Pose&, const Twist&)[m[Kâ€™
[3.600s]    87 | gs::msg::Pose & query_pose, [01;36m[Kconst geometry_msgs::msg::Pose & goal_pose[m[K,
[3.601s]       |                             [01;36m[K~~~~~~~~~~~~~~~~~~~~~~~~~~~~~~~~~^~~~~~~~~[m[K
[3.601s] 
[5.031s] gmake[2]: *** [CMakeFiles/simple_planner.dir/build.make:76ï¼šCMakeFiles/simple_planner.dir/src/simple_planner.cpp.o] é”™è¯¯ 1
[5.031s] gmake[1]: *** [CMakeFiles/Makefile2:137ï¼šCMakeFiles/simple_planner.dir/all] é”™è¯¯ 2
[5.031s] gmake: *** [Makefile:146ï¼šall] é”™è¯¯ 2
[5.035s] Invoked command in '/home/doramy/ROS2_Humble_LS2K0300/Example/ROS2_Humble_ws/build/e07_nav2_bringup' returned '2': CMAKE_PREFIX_PATH=/opt/ros/humble /usr/bin/cmake --build /home/doramy/ROS2_Humble_LS2K0300/Example/ROS2_Humble_ws/build/e07_nav2_bringup -- -j8 -l8
